2021-10-13 23:36:22,945 [Worker-2: Loading available Gradle versions] INFO  o.e.b.c.i.u.g.PublishedGradleVersions - Gradle version information cache is up-to-date. Trying to read.
2021-10-13 23:52:36,896 [Worker-14: Importing Maven projects] INFO  o.e.m.c.i.l.LifecycleMappingFactory - Using org.eclipse.m2e.jdt.JarLifecycleMapping lifecycle mapping for MavenProject: com.example:dev-springboot:0.0.1-SNAPSHOT @ A:\IBM Project Training\Spring Boot\dev-springboot\pom.xml.
2021-10-13 23:52:39,523 [Worker-14: Importing Maven projects] INFO  o.e.m.j.i.AbstractJavaProjectConfigurator - Adding source folder /dev-springboot/src/main/java
2021-10-13 23:52:39,523 [Worker-14: Importing Maven projects] INFO  o.e.m.j.i.AbstractJavaProjectConfigurator - Adding resource folder /dev-springboot/src/main/resources
2021-10-13 23:52:39,532 [Worker-14: Importing Maven projects] INFO  o.e.m.j.i.AbstractJavaProjectConfigurator - Adding resource folder /dev-springboot/src/main/resources
2021-10-13 23:52:39,541 [Worker-14: Importing Maven projects] INFO  o.e.m.j.i.AbstractJavaProjectConfigurator - Adding source folder /dev-springboot/src/test/java
2021-10-13 23:52:42,246 [Worker-14: Importing Maven projects] INFO  o.e.m.c.i.p.ProjectConfigurationManager - Imported and configured 1 project(s) in 10 sec
2021-10-13 23:52:43,110 [Worker-5: Building] INFO  o.e.m.c.i.embedder.EclipseLogger - Using 'UTF-8' encoding to copy filtered resources.
2021-10-13 23:52:43,110 [Worker-5: Building] INFO  o.e.m.c.i.embedder.EclipseLogger - Using 'UTF-8' encoding to copy filtered properties files.
2021-10-13 23:52:43,113 [Worker-5: Building] INFO  o.e.m.c.i.embedder.EclipseLogger - Copying 1 resource
2021-10-13 23:52:43,130 [Worker-5: Building] INFO  o.e.m.c.i.embedder.EclipseLogger - Copying 0 resource
2021-10-13 23:52:43,133 [Worker-5: Building] INFO  o.e.m.c.i.embedder.EclipseLogger - Using 'UTF-8' encoding to copy filtered resources.
2021-10-13 23:52:43,133 [Worker-5: Building] INFO  o.e.m.c.i.embedder.EclipseLogger - Using 'UTF-8' encoding to copy filtered properties files.
2021-10-13 23:52:43,133 [Worker-5: Building] INFO  o.e.m.c.i.embedder.EclipseLogger - skip non existing resourceDirectory A:\IBM Project Training\Spring Boot\dev-springboot\src\test\resources
2021-10-13 23:54:04,189 [Worker-15: Building] INFO  o.e.m.c.i.embedder.EclipseLogger - Using 'UTF-8' encoding to copy filtered resources.
2021-10-13 23:54:04,189 [Worker-15: Building] INFO  o.e.m.c.i.embedder.EclipseLogger - Using 'UTF-8' encoding to copy filtered properties files.
2021-10-13 23:54:04,190 [Worker-15: Building] INFO  o.e.m.c.i.embedder.EclipseLogger - Copying 0 resource
2021-10-13 23:54:04,191 [Worker-15: Building] INFO  o.e.m.c.i.embedder.EclipseLogger - Copying 0 resource
2021-10-13 23:54:04,192 [Worker-15: Building] INFO  o.e.m.c.i.embedder.EclipseLogger - Using 'UTF-8' encoding to copy filtered resources.
2021-10-13 23:54:04,192 [Worker-15: Building] INFO  o.e.m.c.i.embedder.EclipseLogger - Using 'UTF-8' encoding to copy filtered properties files.
2021-10-13 23:54:04,192 [Worker-15: Building] INFO  o.e.m.c.i.embedder.EclipseLogger - skip non existing resourceDirectory A:\IBM Project Training\Spring Boot\dev-springboot\src\test\resources
2021-10-13 23:54:16,365 [Worker-16: Launching dev-springboot - DevSpringbootApplication] INFO  o.e.m.c.i.l.LifecycleMappingFactory - Using org.eclipse.m2e.jdt.JarLifecycleMapping lifecycle mapping for MavenProject: com.example:dev-springboot:0.0.1-SNAPSHOT @ A:\IBM Project Training\Spring Boot\dev-springboot\pom.xml.
2021-10-13 23:54:16,796 [Worker-16: Launching dev-springboot - DevSpringbootApplication] INFO  o.e.m.c.i.embedder.EclipseLogger - Using 'UTF-8' encoding to copy filtered resources.
2021-10-13 23:54:16,797 [Worker-16: Launching dev-springboot - DevSpringbootApplication] INFO  o.e.m.c.i.embedder.EclipseLogger - Using 'UTF-8' encoding to copy filtered properties files.
2021-10-13 23:54:16,800 [Worker-16: Launching dev-springboot - DevSpringbootApplication] INFO  o.e.m.c.i.embedder.EclipseLogger - Copying 0 resource
2021-10-13 23:54:16,800 [Worker-16: Launching dev-springboot - DevSpringbootApplication] INFO  o.e.m.c.i.embedder.EclipseLogger - Copying 0 resource
2021-10-13 23:54:16,804 [Worker-16: Launching dev-springboot - DevSpringbootApplication] INFO  o.e.m.c.i.embedder.EclipseLogger - Using 'UTF-8' encoding to copy filtered resources.
2021-10-13 23:54:16,804 [Worker-16: Launching dev-springboot - DevSpringbootApplication] INFO  o.e.m.c.i.embedder.EclipseLogger - Using 'UTF-8' encoding to copy filtered properties files.
2021-10-13 23:54:16,804 [Worker-16: Launching dev-springboot - DevSpringbootApplication] INFO  o.e.m.c.i.embedder.EclipseLogger - skip non existing resourceDirectory A:\IBM Project Training\Spring Boot\dev-springboot\src\test\resources
2021-10-13 23:56:55,417 [Worker-16: Building] INFO  o.e.m.c.i.embedder.EclipseLogger - Using 'UTF-8' encoding to copy filtered resources.
2021-10-13 23:56:55,417 [Worker-16: Building] INFO  o.e.m.c.i.embedder.EclipseLogger - Using 'UTF-8' encoding to copy filtered properties files.
2021-10-13 23:56:55,419 [Worker-16: Building] INFO  o.e.m.c.i.embedder.EclipseLogger - Copying 1 resource
2021-10-13 23:56:55,493 [Worker-16: Building] INFO  o.e.m.c.i.embedder.EclipseLogger - Copying 0 resource
2021-10-13 23:56:55,496 [Worker-16: Building] INFO  o.e.m.c.i.embedder.EclipseLogger - Using 'UTF-8' encoding to copy filtered resources.
2021-10-13 23:56:55,496 [Worker-16: Building] INFO  o.e.m.c.i.embedder.EclipseLogger - Using 'UTF-8' encoding to copy filtered properties files.
2021-10-13 23:56:55,496 [Worker-16: Building] INFO  o.e.m.c.i.embedder.EclipseLogger - skip non existing resourceDirectory A:\IBM Project Training\Spring Boot\dev-springboot\src\test\resources
